Started by user [8mha:////4F9/q6ptHcYOpRwQTRORjD0cISQXmKM4ovaTL9/1A9wkAAAAlx+LCAAAAAAAAP9b85aBtbiIQTGjNKU4P08vOT+vOD8nVc83PyU1x6OyILUoJzMv2y+/JJUBAhiZGBgqihhk0NSjKDWzXb3RdlLBUSYGJk8GtpzUvPSSDB8G5tKinBIGIZ+sxLJE/ZzEvHT94JKizLx0a6BxUmjGOUNodHsLgAzuEgZu/dLi1CL9xJTczDwA+rnvwMAAAAA=[0mdhruv jhamb
Running as SYSTEM
Building in workspace /var/jenkins_home/workspace/maven_dsl
The recommended git tool is: NONE
No credentials specified
Cloning the remote Git repository
Cloning repository http://dhruv:dhruvjhamb@git:80/learning_phase/maven-project.git
 > git init /var/jenkins_home/workspace/maven_dsl # timeout=10
Fetching upstream changes from http://dhruv@git:80/learning_phase/maven-project.git
 > git --version # timeout=10
 > git --version # 'git version 2.30.2'
 > git fetch --tags --force --progress -- http://dhruv:dhruvjhamb@git:80/learning_phase/maven-project.git +refs/heads/*:refs/remotes/origin/* # timeout=10
 > git config remote.origin.url http://dhruv:dhruvjhamb@git:80/learning_phase/maven-project.git # timeout=10
 > git config --add remote.origin.fetch +refs/heads/*:refs/remotes/origin/* # timeout=10
Avoid second fetch
 > git rev-parse origin/master^{commit} # timeout=10
Checking out Revision 2e027db57ebc11edbd0ff4d0bc692aadcb0af404 (origin/master)
 > git config core.sparsecheckout # timeout=10
 > git checkout -f 2e027db57ebc11edbd0ff4d0bc692aadcb0af404 # timeout=10
Commit message: "Adds maven files"
First time build. Skipping changelog.
[maven_dsl] $ /var/jenkins_home/tools/hudson.tasks.Maven_MavenInstallation/jenkins-maven/bin/mvn -B -DskipTests clean package
[INFO] Scanning for projects...
[INFO] 
[INFO] ----------------------< com.mycompany.app:my-app >----------------------
[INFO] Building my-app 1.0-SNAPSHOT
[INFO] --------------------------------[ jar ]---------------------------------
[INFO] 
[8mha:////4HvuW/+MlMSEXmHXN/z1HZgKB8V7KNFjue/6y3M0SL2jAAAAYB+LCAAAAAAAAP9b85aBtbiIQSmjNKU4P0+vJLE4u1gvPjexLDVPzxdEGvvmZ+X75Zek2mxOX+vh68DGxMBQUcQgBdWQnJ9XnJ+TqucMoUEKGSCAEaSwAAAn9LoiYAAAAA==[0m[INFO] --- maven-clean-plugin:2.5:clean (default-clean) @ my-app ---
[INFO] 
[8mha:////4HvuW/+MlMSEXmHXN/z1HZgKB8V7KNFjue/6y3M0SL2jAAAAYB+LCAAAAAAAAP9b85aBtbiIQSmjNKU4P0+vJLE4u1gvPjexLDVPzxdEGvvmZ+X75Zek2mxOX+vh68DGxMBQUcQgBdWQnJ9XnJ+TqucMoUEKGSCAEaSwAAAn9LoiYAAAAA==[0m[INFO] --- maven-enforcer-plugin:3.0.0-M3:enforce (enforce-maven) @ my-app ---
[INFO] 
[8mha:////4HvuW/+MlMSEXmHXN/z1HZgKB8V7KNFjue/6y3M0SL2jAAAAYB+LCAAAAAAAAP9b85aBtbiIQSmjNKU4P0+vJLE4u1gvPjexLDVPzxdEGvvmZ+X75Zek2mxOX+vh68DGxMBQUcQgBdWQnJ9XnJ+TqucMoUEKGSCAEaSwAAAn9LoiYAAAAA==[0m[INFO] --- maven-resources-plugin:2.6:resources (default-resources) @ my-app ---
[INFO] Using 'UTF-8' encoding to copy filtered resources.
[INFO] skip non existing resourceDirectory /var/jenkins_home/workspace/maven_dsl/src/main/resources
[INFO] 
[8mha:////4HvuW/+MlMSEXmHXN/z1HZgKB8V7KNFjue/6y3M0SL2jAAAAYB+LCAAAAAAAAP9b85aBtbiIQSmjNKU4P0+vJLE4u1gvPjexLDVPzxdEGvvmZ+X75Zek2mxOX+vh68DGxMBQUcQgBdWQnJ9XnJ+TqucMoUEKGSCAEaSwAAAn9LoiYAAAAA==[0m[INFO] --- maven-compiler-plugin:3.8.1:compile (default-compile) @ my-app ---
[INFO] Changes detected - recompiling the module!
[INFO] Compiling 1 source file to /var/jenkins_home/workspace/maven_dsl/target/classes
[INFO] 
[8mha:////4HvuW/+MlMSEXmHXN/z1HZgKB8V7KNFjue/6y3M0SL2jAAAAYB+LCAAAAAAAAP9b85aBtbiIQSmjNKU4P0+vJLE4u1gvPjexLDVPzxdEGvvmZ+X75Zek2mxOX+vh68DGxMBQUcQgBdWQnJ9XnJ+TqucMoUEKGSCAEaSwAAAn9LoiYAAAAA==[0m[INFO] --- maven-resources-plugin:2.6:testResources (default-testResources) @ my-app ---
[INFO] Using 'UTF-8' encoding to copy filtered resources.
[INFO] skip non existing resourceDirectory /var/jenkins_home/workspace/maven_dsl/src/test/resources
[INFO] 
[8mha:////4HvuW/+MlMSEXmHXN/z1HZgKB8V7KNFjue/6y3M0SL2jAAAAYB+LCAAAAAAAAP9b85aBtbiIQSmjNKU4P0+vJLE4u1gvPjexLDVPzxdEGvvmZ+X75Zek2mxOX+vh68DGxMBQUcQgBdWQnJ9XnJ+TqucMoUEKGSCAEaSwAAAn9LoiYAAAAA==[0m[INFO] --- maven-compiler-plugin:3.8.1:testCompile (default-testCompile) @ my-app ---
[INFO] Changes detected - recompiling the module!
[INFO] Compiling 1 source file to /var/jenkins_home/workspace/maven_dsl/target/test-classes
[INFO] 
[8mha:////4HvuW/+MlMSEXmHXN/z1HZgKB8V7KNFjue/6y3M0SL2jAAAAYB+LCAAAAAAAAP9b85aBtbiIQSmjNKU4P0+vJLE4u1gvPjexLDVPzxdEGvvmZ+X75Zek2mxOX+vh68DGxMBQUcQgBdWQnJ9XnJ+TqucMoUEKGSCAEaSwAAAn9LoiYAAAAA==[0m[INFO] --- maven-surefire-plugin:2.12.4:test (default-test) @ my-app ---
[INFO] Tests are skipped.
[INFO] 
[8mha:////4HvuW/+MlMSEXmHXN/z1HZgKB8V7KNFjue/6y3M0SL2jAAAAYB+LCAAAAAAAAP9b85aBtbiIQSmjNKU4P0+vJLE4u1gvPjexLDVPzxdEGvvmZ+X75Zek2mxOX+vh68DGxMBQUcQgBdWQnJ9XnJ+TqucMoUEKGSCAEaSwAAAn9LoiYAAAAA==[0m[INFO] --- maven-jar-plugin:3.2.0:jar (default-jar) @ my-app ---
[INFO] Building jar: /var/jenkins_home/workspace/maven_dsl/target/my-app-1.0-SNAPSHOT.jar
[INFO] ------------------------------------------------------------------------
[INFO] BUILD SUCCESS
[INFO] ------------------------------------------------------------------------
[INFO] Total time:  4.959 s
[INFO] Finished at: 2022-04-05T10:35:08Z
[INFO] ------------------------------------------------------------------------
[maven_dsl] $ /var/jenkins_home/tools/hudson.tasks.Maven_MavenInstallation/jenkins-maven/bin/mvn test
[INFO] Scanning for projects...
[INFO] 
[INFO] ----------------------< com.mycompany.app:my-app >----------------------
[INFO] Building my-app 1.0-SNAPSHOT
[INFO] --------------------------------[ jar ]---------------------------------
[INFO] 
[8mha:////4HvuW/+MlMSEXmHXN/z1HZgKB8V7KNFjue/6y3M0SL2jAAAAYB+LCAAAAAAAAP9b85aBtbiIQSmjNKU4P0+vJLE4u1gvPjexLDVPzxdEGvvmZ+X75Zek2mxOX+vh68DGxMBQUcQgBdWQnJ9XnJ+TqucMoUEKGSCAEaSwAAAn9LoiYAAAAA==[0m[INFO] --- maven-enforcer-plugin:3.0.0-M3:enforce (enforce-maven) @ my-app ---
[INFO] 
[8mha:////4HvuW/+MlMSEXmHXN/z1HZgKB8V7KNFjue/6y3M0SL2jAAAAYB+LCAAAAAAAAP9b85aBtbiIQSmjNKU4P0+vJLE4u1gvPjexLDVPzxdEGvvmZ+X75Zek2mxOX+vh68DGxMBQUcQgBdWQnJ9XnJ+TqucMoUEKGSCAEaSwAAAn9LoiYAAAAA==[0m[INFO] --- maven-resources-plugin:2.6:resources (default-resources) @ my-app ---
[INFO] Using 'UTF-8' encoding to copy filtered resources.
[INFO] skip non existing resourceDirectory /var/jenkins_home/workspace/maven_dsl/src/main/resources
[INFO] 
[8mha:////4HvuW/+MlMSEXmHXN/z1HZgKB8V7KNFjue/6y3M0SL2jAAAAYB+LCAAAAAAAAP9b85aBtbiIQSmjNKU4P0+vJLE4u1gvPjexLDVPzxdEGvvmZ+X75Zek2mxOX+vh68DGxMBQUcQgBdWQnJ9XnJ+TqucMoUEKGSCAEaSwAAAn9LoiYAAAAA==[0m[INFO] --- maven-compiler-plugin:3.8.1:compile (default-compile) @ my-app ---
[INFO] Nothing to compile - all classes are up to date
[INFO] 
[8mha:////4HvuW/+MlMSEXmHXN/z1HZgKB8V7KNFjue/6y3M0SL2jAAAAYB+LCAAAAAAAAP9b85aBtbiIQSmjNKU4P0+vJLE4u1gvPjexLDVPzxdEGvvmZ+X75Zek2mxOX+vh68DGxMBQUcQgBdWQnJ9XnJ+TqucMoUEKGSCAEaSwAAAn9LoiYAAAAA==[0m[INFO] --- maven-resources-plugin:2.6:testResources (default-testResources) @ my-app ---
[INFO] Using 'UTF-8' encoding to copy filtered resources.
[INFO] skip non existing resourceDirectory /var/jenkins_home/workspace/maven_dsl/src/test/resources
[INFO] 
[8mha:////4HvuW/+MlMSEXmHXN/z1HZgKB8V7KNFjue/6y3M0SL2jAAAAYB+LCAAAAAAAAP9b85aBtbiIQSmjNKU4P0+vJLE4u1gvPjexLDVPzxdEGvvmZ+X75Zek2mxOX+vh68DGxMBQUcQgBdWQnJ9XnJ+TqucMoUEKGSCAEaSwAAAn9LoiYAAAAA==[0m[INFO] --- maven-compiler-plugin:3.8.1:testCompile (default-testCompile) @ my-app ---
[INFO] Nothing to compile - all classes are up to date
[INFO] 
[8mha:////4HvuW/+MlMSEXmHXN/z1HZgKB8V7KNFjue/6y3M0SL2jAAAAYB+LCAAAAAAAAP9b85aBtbiIQSmjNKU4P0+vJLE4u1gvPjexLDVPzxdEGvvmZ+X75Zek2mxOX+vh68DGxMBQUcQgBdWQnJ9XnJ+TqucMoUEKGSCAEaSwAAAn9LoiYAAAAA==[0m[INFO] --- maven-surefire-plugin:2.12.4:test (default-test) @ my-app ---
[INFO] Surefire report directory: /var/jenkins_home/workspace/maven_dsl/target/surefire-reports

-------------------------------------------------------
 T E S T S
-------------------------------------------------------
Running com.mycompany.app.AppTest
Tests run: 2, Failures: 0, Errors: 0, Skipped: 0, Time elapsed: 0.157 sec

Results :

Tests run: 2, Failures: 0, Errors: 0, Skipped: 0

[INFO] ------------------------------------------------------------------------
[INFO] BUILD SUCCESS
[INFO] ------------------------------------------------------------------------
[INFO] Total time:  2.528 s
[INFO] Finished at: 2022-04-05T10:35:13Z
[INFO] ------------------------------------------------------------------------
[maven_dsl] $ /bin/sh -xe /tmp/jenkins1420025605487564157.sh
+ echo ************RUNNING THE JAR************************
************RUNNING THE JAR************************
+ java -jar /var/jenkins_home/workspace/mavn/target/my-app-1.0-SNAPSHOT.jar
Error: Unable to access jarfile /var/jenkins_home/workspace/mavn/target/my-app-1.0-SNAPSHOT.jar
Build step 'Execute shell' marked build as failure
Archiving artifacts
Recording test results
[Checks API] No suitable checks publisher found.
Sending e-mails to: ricardo.andre.gonzalez07@gmail.com
ERROR: Couldn't connect to host, port: localhost, 465; timeout 60000
com.sun.mail.util.MailConnectException: Couldn't connect to host, port: localhost, 465; timeout 60000;
  nested exception is:
	java.net.ConnectException: Connection refused (Connection refused)
	at com.sun.mail.smtp.SMTPTransport.openServer(SMTPTransport.java:2209)
	at com.sun.mail.smtp.SMTPTransport.protocolConnect(SMTPTransport.java:740)
	at javax.mail.Service.connect(Service.java:366)
	at javax.mail.Service.connect(Service.java:246)
	at javax.mail.Service.connect(Service.java:195)
	at javax.mail.Transport.send0(Transport.java:254)
	at javax.mail.Transport.send(Transport.java:124)
	at hudson.tasks.MailSender.run(MailSender.java:131)
	at hudson.tasks.Mailer.perform(Mailer.java:178)
	at hudson.tasks.Mailer.perform(Mailer.java:141)
	at hudson.tasks.BuildStepMonitor$1.perform(BuildStepMonitor.java:20)
	at hudson.model.AbstractBuild$AbstractBuildExecution.perform(AbstractBuild.java:814)
	at hudson.model.AbstractBuild$AbstractBuildExecution.performAllBuildSteps(AbstractBuild.java:763)
	at hudson.model.Build$BuildExecution.post2(Build.java:179)
	at hudson.model.AbstractBuild$AbstractBuildExecution.post(AbstractBuild.java:707)
	at hudson.model.Run.execute(Run.java:1921)
	at hudson.model.FreeStyleBuild.run(FreeStyleBuild.java:44)
	at hudson.model.ResourceController.execute(ResourceController.java:101)
	at hudson.model.Executor.run(Executor.java:442)
Caused by: java.net.ConnectException: Connection refused (Connection refused)
	at java.base/java.net.PlainSocketImpl.socketConnect(Native Method)
	at java.base/java.net.AbstractPlainSocketImpl.doConnect(AbstractPlainSocketImpl.java:412)
	at java.base/java.net.AbstractPlainSocketImpl.connectToAddress(AbstractPlainSocketImpl.java:255)
	at java.base/java.net.AbstractPlainSocketImpl.connect(AbstractPlainSocketImpl.java:237)
	at java.base/java.net.SocksSocketImpl.connect(SocksSocketImpl.java:392)
	at java.base/java.net.Socket.connect(Socket.java:609)
	at com.sun.mail.util.SocketFetcher.createSocket(SocketFetcher.java:357)
	at com.sun.mail.util.SocketFetcher.getSocket(SocketFetcher.java:238)
	at com.sun.mail.smtp.SMTPTransport.openServer(SMTPTransport.java:2175)
	... 18 more
Finished: FAILURE
